<?xml version="1.0" encoding="UTF-8"?>
<!-- Generated by org.testng.reporters.JUnitReportReporter -->
<testsuite hostname="DESKTOP-M1DRLA4" failures="0" tests="1" name="testCases.LoginPageTest" time="102.366" errors="0" timestamp="2023-12-13T09:45:47 IST" skipped="0">
  <testcase classname="testCases.LoginPageTest" name="loginToApplicationTest" time="102.366"/>
  <system-out/>
</testsuite> <!-- testCases.LoginPageTest -->
