<?xml version="1.0" encoding="UTF-8"?>
<!-- Generated by org.testng.reporters.JUnitReportReporter -->
<testsuite hostname="DESKTOP-M1DRLA4" failures="0" tests="5" name="testCases.CheckOut_Complete_Page_Test" time="59.761" errors="0" timestamp="2023-12-08T19:22:59 IST" skipped="0">
  <testcase classname="testCases.CheckOut_Complete_Page_Test" name="verifyBackHomebtnTest" time="12.068"/>
  <system-out>
    <![CDATA[Url of Page https://www.saucedemo.com/inventory.html]]>
  </system-out>
  <testcase classname="testCases.CheckOut_Complete_Page_Test" name="verifyThankyouMessageTest" time="11.676"/>
  <system-out>
    <![CDATA[Text Message Thank You Thank you for your order!]]>
  </system-out>
  <testcase classname="testCases.CheckOut_Complete_Page_Test" name="imagedisplayTest" time="12.231"/>
  <system-out>
    <![CDATA[Visibility of Image = true]]>
  </system-out>
  <testcase classname="testCases.CheckOut_Complete_Page_Test" name="verifycheckoutCompleteLableTest" time="11.375"/>
  <system-out>
    <![CDATA[Complete Level Page Lable Checkout: Complete!]]>
  </system-out>
  <testcase classname="testCases.CheckOut_Complete_Page_Test" name="verifyYourOrderMessageTest" time="12.411"/>
  <system-out>
    <![CDATA[Text Message You Order Your order has been dispatched, and will arrive just as fast as the pony can get there!]]>
  </system-out>
</testsuite> <!-- testCases.CheckOut_Complete_Page_Test -->
