<?xml version="1.0" encoding="UTF-8"?>
<!-- Generated by org.testng.reporters.JUnitReportReporter -->
<testsuite hostname="DESKTOP-M1DRLA4" failures="0" tests="7" name="testCases.CheckOutPage2_Test" time="84.614" errors="0" timestamp="2023-12-08T19:22:59 IST" skipped="0">
  <testcase classname="testCases.CheckOutPage2_Test" name="verifyShippingInfoLableTest" time="15.385"/>
  <system-out>
    <![CDATA[Lable of Shipping InfoShipping Information]]>
  </system-out>
  <testcase classname="testCases.CheckOutPage2_Test" name="verifyPriceTotalLableTest" time="11.245"/>
  <system-out>
    <![CDATA[Lable of Price InfoPrice Total]]>
  </system-out>
  <testcase classname="testCases.CheckOutPage2_Test" name="verifyFinishbtnUrl" time="10.785"/>
  <system-out>
    <![CDATA[Url of FinshBtn Click https://www.saucedemo.com/checkout-complete.html]]>
  </system-out>
  <testcase classname="testCases.CheckOutPage2_Test" name="verifyTotalFinalPriceTest" time="12.078"/>
  <system-out>
    <![CDATA[Total Final Price Total: $79.89]]>
  </system-out>
  <testcase classname="testCases.CheckOutPage2_Test" name="cancelbtnTest" time="11.262"/>
  <system-out>
    <![CDATA[Url of CancelBtn Click https://www.saucedemo.com/inventory.html]]>
  </system-out>
  <testcase classname="testCases.CheckOutPage2_Test" name="verifyCheckoutPage2LableTest" time="11.617"/>
  <system-out>
    <![CDATA[Lable of CheckOut Page 2Checkout: Overview]]>
  </system-out>
  <testcase classname="testCases.CheckOutPage2_Test" name="verifyPaymentInfoLableTest" time="12.242"/>
  <system-out>
    <![CDATA[Lable of Payment InfoPayment Information]]>
  </system-out>
</testsuite> <!-- testCases.CheckOutPage2_Test -->
