<?xml version="1.0" encoding="UTF-8"?>
<!-- Generated by org.testng.reporters.JUnitReportReporter -->
<testsuite hostname="DESKTOP-M1DRLA4" failures="0" tests="3" name="testCases.CheckOutPage1Test" time="33.896" errors="0" timestamp="2023-12-08T19:22:58 IST" skipped="0">
  <testcase classname="testCases.CheckOutPage1Test" name="inputInformationTest" time="11.875"/>
  <system-out>
    <![CDATA[Url Of checkout Page 2 https://www.saucedemo.com/checkout-step-two.html]]>
  </system-out>
  <testcase classname="testCases.CheckOutPage1Test" name="verifyLableCheckoutPage1Test" time="11.230"/>
  <system-out>
    <![CDATA[Lable of checkoutPage 1 Checkout: Your Information]]>
  </system-out>
  <testcase classname="testCases.CheckOutPage1Test" name="verifyUrlCheckoutPage1Test" time="10.791"/>
  <system-out>
    <![CDATA[URL of checkoutPage 1 https://www.saucedemo.com/checkout-step-one.html]]>
  </system-out>
</testsuite> <!-- testCases.CheckOutPage1Test -->
